Oct 01 2023 10:41:31
{"type":8192,"message":"Creation of dynamic property WP_Block_Type::$skip_inner_blocks is deprecated","file":"C:\\xampp\\htdocs\\tvtlab\\hn-pj0004\\root\\wp-includes\\class-wp-block-type.php","line":391}

Oct 01 2023 10:41:32
{"type":8192,"message":"Creation of dynamic property WP_Block_Type::$skip_inner_blocks is deprecated","file":"C:\\xampp\\htdocs\\tvtlab\\hn-pj0004\\root\\wp-includes\\class-wp-block-type.php","line":391}

Oct 01 2023 10:41:33
{"type":8192,"message":"Creation of dynamic property WP_Block_Type::$skip_inner_blocks is deprecated","file":"C:\\xampp\\htdocs\\tvtlab\\hn-pj0004\\root\\wp-includes\\class-wp-block-type.php","line":391}

Oct 01 2023 10:41:34
{"type":8192,"message":"Creation of dynamic property WP_Block_Type::$skip_inner_blocks is deprecated","file":"C:\\xampp\\htdocs\\tvtlab\\hn-pj0004\\root\\wp-includes\\class-wp-block-type.php","line":391}

Oct 01 2023 10:41:41
{"type":8192,"message":"Creation of dynamic property WP_Block_Type::$skip_inner_blocks is deprecated","file":"C:\\xampp\\htdocs\\tvtlab\\hn-pj0004\\root\\wp-includes\\class-wp-block-type.php","line":391}

Oct 01 2023 10:41:43
{"type":8192,"message":"Creation of dynamic property WP_Block_Type::$skip_inner_blocks is deprecated","file":"C:\\xampp\\htdocs\\tvtlab\\hn-pj0004\\root\\wp-includes\\class-wp-block-type.php","line":391}

Oct 01 2023 10:41:54
{"type":8192,"message":"Creation of dynamic property WP_Block_Type::$skip_inner_blocks is deprecated","file":"C:\\xampp\\htdocs\\tvtlab\\hn-pj0004\\root\\wp-includes\\class-wp-block-type.php","line":391}

Oct 01 2023 10:42:05
{"type":8192,"message":"Creation of dynamic property WP_Block_Type::$skip_inner_blocks is deprecated","file":"C:\\xampp\\htdocs\\tvtlab\\hn-pj0004\\root\\wp-includes\\class-wp-block-type.php","line":391}

Oct 01 2023 10:42:17
{"type":8192,"message":"Creation of dynamic property WP_Block_Type::$skip_inner_blocks is deprecated","file":"C:\\xampp\\htdocs\\tvtlab\\hn-pj0004\\root\\wp-includes\\class-wp-block-type.php","line":391}

Oct 01 2023 10:42:28
{"type":8192,"message":"Creation of dynamic property WP_Block_Type::$skip_inner_blocks is deprecated","file":"C:\\xampp\\htdocs\\tvtlab\\hn-pj0004\\root\\wp-includes\\class-wp-block-type.php","line":391}

Oct 01 2023 10:42:39
{"type":8192,"message":"Creation of dynamic property WP_Block_Type::$skip_inner_blocks is deprecated","file":"C:\\xampp\\htdocs\\tvtlab\\hn-pj0004\\root\\wp-includes\\class-wp-block-type.php","line":391}

Oct 01 2023 10:42:45
{"type":8192,"message":"Creation of dynamic property WP_Block_Type::$skip_inner_blocks is deprecated","file":"C:\\xampp\\htdocs\\tvtlab\\hn-pj0004\\root\\wp-includes\\class-wp-block-type.php","line":391}

Oct 01 2023 10:42:47
{"type":8192,"message":"Creation of dynamic property MO::$_gettext_select_plural_form is deprecated","file":"C:\\xampp\\htdocs\\tvtlab\\hn-pj0004\\root\\wp-includes\\pomo\\translations.php","line":292}

Oct 01 2023 10:42:48
{"Number":8192,"Message":"rtrim(): Passing null to parameter #1 ($string) of type string is deprecated","File":"C:\\xampp\\htdocs\\tvtlab\\hn-pj0004\\root\\wp-includes\\formatting.php","Line":2772}

Oct 01 2023 10:42:48
{"Number":8192,"Message":"rtrim(): Passing null to parameter #1 ($string) of type string is deprecated","File":"C:\\xampp\\htdocs\\tvtlab\\hn-pj0004\\root\\wp-includes\\formatting.php","Line":2772}

Oct 01 2023 10:42:48
{"Number":8192,"Message":"rtrim(): Passing null to parameter #1 ($string) of type string is deprecated","File":"C:\\xampp\\htdocs\\tvtlab\\hn-pj0004\\root\\wp-includes\\formatting.php","Line":2772}

Oct 01 2023 10:42:48
{"Number":8192,"Message":"rtrim(): Passing null to parameter #1 ($string) of type string is deprecated","File":"C:\\xampp\\htdocs\\tvtlab\\hn-pj0004\\root\\wp-includes\\formatting.php","Line":2772}

Oct 01 2023 10:42:48
{"Number":8192,"Message":"rtrim(): Passing null to parameter #1 ($string) of type string is deprecated","File":"C:\\xampp\\htdocs\\tvtlab\\hn-pj0004\\root\\wp-includes\\formatting.php","Line":2772}

Oct 01 2023 10:42:48
{"Number":8192,"Message":"rtrim(): Passing null to parameter #1 ($string) of type string is deprecated","File":"C:\\xampp\\htdocs\\tvtlab\\hn-pj0004\\root\\wp-includes\\formatting.php","Line":2772}

Oct 01 2023 10:42:48
{"Number":8192,"Message":"rtrim(): Passing null to parameter #1 ($string) of type string is deprecated","File":"C:\\xampp\\htdocs\\tvtlab\\hn-pj0004\\root\\wp-includes\\formatting.php","Line":2772}

Oct 01 2023 10:42:48
{"Number":8192,"Message":"rtrim(): Passing null to parameter #1 ($string) of type string is deprecated","File":"C:\\xampp\\htdocs\\tvtlab\\hn-pj0004\\root\\wp-includes\\formatting.php","Line":2772}

Oct 01 2023 10:42:48
{"Number":8192,"Message":"rtrim(): Passing null to parameter #1 ($string) of type string is deprecated","File":"C:\\xampp\\htdocs\\tvtlab\\hn-pj0004\\root\\wp-includes\\formatting.php","Line":2772}

Oct 01 2023 10:42:48
{"Number":8192,"Message":"rtrim(): Passing null to parameter #1 ($string) of type string is deprecated","File":"C:\\xampp\\htdocs\\tvtlab\\hn-pj0004\\root\\wp-includes\\formatting.php","Line":2772}

Oct 01 2023 10:42:48
{"Number":8192,"Message":"rtrim(): Passing null to parameter #1 ($string) of type string is deprecated","File":"C:\\xampp\\htdocs\\tvtlab\\hn-pj0004\\root\\wp-includes\\formatting.php","Line":2772}

Oct 01 2023 10:42:48
{"Number":8192,"Message":"rtrim(): Passing null to parameter #1 ($string) of type string is deprecated","File":"C:\\xampp\\htdocs\\tvtlab\\hn-pj0004\\root\\wp-includes\\formatting.php","Line":2772}

Oct 01 2023 10:42:48
{"Number":8192,"Message":"rtrim(): Passing null to parameter #1 ($string) of type string is deprecated","File":"C:\\xampp\\htdocs\\tvtlab\\hn-pj0004\\root\\wp-includes\\formatting.php","Line":2772}

Oct 01 2023 10:42:48
{"Number":8192,"Message":"rtrim(): Passing null to parameter #1 ($string) of type string is deprecated","File":"C:\\xampp\\htdocs\\tvtlab\\hn-pj0004\\root\\wp-includes\\formatting.php","Line":2772}

Oct 01 2023 10:42:48
{"Number":8192,"Message":"rtrim(): Passing null to parameter #1 ($string) of type string is deprecated","File":"C:\\xampp\\htdocs\\tvtlab\\hn-pj0004\\root\\wp-includes\\formatting.php","Line":2772}

Oct 01 2023 10:42:48
{"Number":8192,"Message":"rtrim(): Passing null to parameter #1 ($string) of type string is deprecated","File":"C:\\xampp\\htdocs\\tvtlab\\hn-pj0004\\root\\wp-includes\\formatting.php","Line":2772}

Oct 01 2023 10:42:48
{"Number":8192,"Message":"rtrim(): Passing null to parameter #1 ($string) of type string is deprecated","File":"C:\\xampp\\htdocs\\tvtlab\\hn-pj0004\\root\\wp-includes\\formatting.php","Line":2772}

Oct 01 2023 10:42:48
{"Number":8192,"Message":"rtrim(): Passing null to parameter #1 ($string) of type string is deprecated","File":"C:\\xampp\\htdocs\\tvtlab\\hn-pj0004\\root\\wp-includes\\formatting.php","Line":2772}

Oct 01 2023 10:42:48
{"Number":8192,"Message":"rtrim(): Passing null to parameter #1 ($string) of type string is deprecated","File":"C:\\xampp\\htdocs\\tvtlab\\hn-pj0004\\root\\wp-includes\\formatting.php","Line":2772}

Oct 01 2023 10:42:48
{"Number":8192,"Message":"rtrim(): Passing null to parameter #1 ($string) of type string is deprecated","File":"C:\\xampp\\htdocs\\tvtlab\\hn-pj0004\\root\\wp-includes\\formatting.php","Line":2772}

Oct 01 2023 10:42:48
{"Number":8192,"Message":"rtrim(): Passing null to parameter #1 ($string) of type string is deprecated","File":"C:\\xampp\\htdocs\\tvtlab\\hn-pj0004\\root\\wp-includes\\formatting.php","Line":2772}

Oct 01 2023 10:42:48
{"Number":8192,"Message":"rtrim(): Passing null to parameter #1 ($string) of type string is deprecated","File":"C:\\xampp\\htdocs\\tvtlab\\hn-pj0004\\root\\wp-includes\\formatting.php","Line":2772}

Oct 01 2023 10:42:48
{"Number":8192,"Message":"rtrim(): Passing null to parameter #1 ($string) of type string is deprecated","File":"C:\\xampp\\htdocs\\tvtlab\\hn-pj0004\\root\\wp-includes\\formatting.php","Line":2772}

Oct 01 2023 10:42:48
{"Number":8192,"Message":"rtrim(): Passing null to parameter #1 ($string) of type string is deprecated","File":"C:\\xampp\\htdocs\\tvtlab\\hn-pj0004\\root\\wp-includes\\formatting.php","Line":2772}

Oct 01 2023 10:42:48
{"Number":8192,"Message":"Creation of dynamic property Ai1wm_Database_Mysqli::$old_replace_raw_values is deprecated","File":"C:\\xampp\\htdocs\\tvtlab\\hn-pj0004\\root\\wp-content\\plugins\\all-in-one-wp-migration\\lib\\vendor\\servmask\\database\\class-ai1wm-database.php","Line":304}

Oct 01 2023 10:42:48
{"Number":8192,"Message":"Creation of dynamic property Ai1wm_Database_Mysqli::$new_replace_raw_values is deprecated","File":"C:\\xampp\\htdocs\\tvtlab\\hn-pj0004\\root\\wp-content\\plugins\\all-in-one-wp-migration\\lib\\vendor\\servmask\\database\\class-ai1wm-database.php","Line":325}

Oct 01 2023 10:42:54
{"type":8192,"message":"Creation of dynamic property MO::$_gettext_select_plural_form is deprecated","file":"C:\\xampp\\htdocs\\tvtlab\\hn-pj0004\\root\\wp-includes\\pomo\\translations.php","line":292}

Oct 01 2023 10:42:56
{"type":8192,"message":"Return type of Requests_Utility_CaseInsensitiveDictionary::getIterator() should either be compatible with IteratorAggregate::getIterator(): Traversable, or the #[\\ReturnTypeWillChange] attribute should be used to temporarily suppress the notice","file":"C:\\xampp\\htdocs\\tvtlab\\hn-pj0004\\root\\wp-includes\\Requests\\Utility\\CaseInsensitiveDictionary.php","line":91}

Oct 01 2023 10:43:04
{"type":8192,"message":"Creation of dynamic property WP_Block_Type::$skip_inner_blocks is deprecated","file":"C:\\xampp\\htdocs\\tvtlab\\hn-pj0004\\root\\wp-includes\\class-wp-block-type.php","line":391}

